<?xml version="1.0" encoding="UTF-8"?>
<!-- Generated by org.testng.reporters.JUnitReportReporter -->
<testsuite hostname="CPX-ZWB2Z20YYDR" failures="0" tests="3" name="SampleTest" time="0.191" errors="0" timestamp="2023-05-23T10:34:08 BST" skipped="0">
  <testcase classname="SampleTest" name="login" time="0.011"/>
  <system-out/>
  <testcase classname="SampleTest" name="invalidTitle" time="0.015"/>
  <system-out/>
  <testcase classname="SampleTest" name="testWebElements" time="0.165"/>
  <system-out/>
</testsuite> <!-- SampleTest -->
